<?xml version="1.0" encoding="UTF-8"?>
<testsuite name="org.example.ClientTest" tests="3" skipped="0" failures="0" errors="0" timestamp="2024-04-06T13:38:03" hostname="DESKTOP-D3ILQNT" time="0.019">
  <properties/>
  <testcase name="shouldAllowToAddAddress()" classname="org.example.ClientTest" time="0.016"/>
  <testcase name="shouldAllowToAddManyAddresses()" classname="org.example.ClientTest" time="0.001"/>
  <testcase name="afterCreationShouldHaveNoAddress()" classname="org.example.ClientTest" time="0.001"/>
  <system-out><![CDATA[]]></system-out>
  <system-err><![CDATA[]]></system-err>
</testsuite>
